---------- Date: 2015-07-01 02:11:45 ~ IP : ::1 ----------
REQUEST URI : /gig_final/admin/
MOD DETAILS:
   modFile   : E:\DATA\WEB\Run\htdocs\gig_final\vqmod/xml/vqmm_menu_shortcut.xml
   id        : VQMod Manager Menu Shortcut
   version   : 1.0.0
   vqmver    : 2.3.0
   author    : Ryan (rph) - OpenCartHelp.com

File Name    : admin/view/template/common/header.tpl(0)
VQModObject::applyMod - SEARCH NOT FOUND (ABORTING MOD): <a href="<?php echo $feed; ?>"><?php echo $text_feed; ?></a>
----------------------------------------------------------------------


---------- Date: 2015-07-01 02:12:26 ~ IP : ::1 ----------
REQUEST URI : /gig_final/admin/index.php?route=common/filemanager&amp;token=f0fad32c12ba34a9433bb774970961c2&amp;field=image2
MOD DETAILS:
   modFile   : E:\DATA\WEB\Run\htdocs\gig_final\vqmod/xml/tm_filemanager.xml
   id        : upload file size limit
   version   : 1.0.0
   vqmver    : 2.3.0
   author    : TM

File Name    : admin/controller/common/filemanager.php(0)
VQModObject::applyMod - SEARCH NOT FOUND (ABORTING MOD): if ($this->request->files['image']['size'] > 300000) {
----------------------------------------------------------------------


---------- Date: 2015-07-01 02:12:26 ~ IP : ::1 ----------
REQUEST URI : /gig_final/admin/index.php?route=common/filemanager&amp;token=f0fad32c12ba34a9433bb774970961c2&amp;field=image2
MOD DETAILS:
   modFile   : E:\DATA\WEB\Run\htdocs\gig_final\vqmod/xml/tm_filemanager.xml
   id        : upload file size limit
   version   : 1.0.0
   vqmver    : 2.3.0
   author    : TM

File Name    : admin/controller/common/filemanager.php(0)
VQModObject::applyMod - SEARCH NOT FOUND (ABORTING MOD): if ($this->request->files['image']['size'] > 300000) {
----------------------------------------------------------------------


---------- Date: 2015-07-01 02:12:27 ~ IP : ::1 ----------
REQUEST URI : /gig_final/admin/index.php?route=common/filemanager/files&amp;token=f0fad32c12ba34a9433bb774970961c2
MOD DETAILS:
   modFile   : E:\DATA\WEB\Run\htdocs\gig_final\vqmod/xml/tm_filemanager.xml
   id        : upload file size limit
   version   : 1.0.0
   vqmver    : 2.3.0
   author    : TM

File Name    : admin/controller/common/filemanager.php(0)
VQModObject::applyMod - SEARCH NOT FOUND (ABORTING MOD): if ($this->request->files['image']['size'] > 300000) {
----------------------------------------------------------------------


---------- Date: 2015-07-01 02:12:29 ~ IP : ::1 ----------
REQUEST URI : /gig_final/admin/index.php?route=common/filemanager/image&amp;token=f0fad32c12ba34a9433bb774970961c2&amp;image=data%2FPrinter%20rolls.jpg
MOD DETAILS:
   modFile   : E:\DATA\WEB\Run\htdocs\gig_final\vqmod/xml/tm_filemanager.xml
   id        : upload file size limit
   version   : 1.0.0
   vqmver    : 2.3.0
   author    : TM

File Name    : admin/controller/common/filemanager.php(0)
VQModObject::applyMod - SEARCH NOT FOUND (ABORTING MOD): if ($this->request->files['image']['size'] > 300000) {
----------------------------------------------------------------------


---------- Date: 2015-07-01 02:12:29 ~ IP : ::1 ----------
REQUEST URI : /gig_final/admin/index.php?route=common/filemanager/image&amp;token=f0fad32c12ba34a9433bb774970961c2&amp;image=data%2FThermal%20rolls.jpg
MOD DETAILS:
   modFile   : E:\DATA\WEB\Run\htdocs\gig_final\vqmod/xml/tm_filemanager.xml
   id        : upload file size limit
   version   : 1.0.0
   vqmver    : 2.3.0
   author    : TM

File Name    : admin/controller/common/filemanager.php(0)
VQModObject::applyMod - SEARCH NOT FOUND (ABORTING MOD): if ($this->request->files['image']['size'] > 300000) {
----------------------------------------------------------------------


---------- Date: 2015-07-01 02:12:29 ~ IP : ::1 ----------
REQUEST URI : /gig_final/admin/index.php?route=common/filemanager/image&amp;token=f0fad32c12ba34a9433bb774970961c2&amp;image=data%2FXerox.png
MOD DETAILS:
   modFile   : E:\DATA\WEB\Run\htdocs\gig_final\vqmod/xml/tm_filemanager.xml
   id        : upload file size limit
   version   : 1.0.0
   vqmver    : 2.3.0
   author    : TM

File Name    : admin/controller/common/filemanager.php(0)
VQModObject::applyMod - SEARCH NOT FOUND (ABORTING MOD): if ($this->request->files['image']['size'] > 300000) {
----------------------------------------------------------------------


---------- Date: 2015-07-01 02:12:29 ~ IP : ::1 ----------
REQUEST URI : /gig_final/admin/index.php?route=common/filemanager/image&amp;token=f0fad32c12ba34a9433bb774970961c2&amp;image=data%2FImage01022.jpg
MOD DETAILS:
   modFile   : E:\DATA\WEB\Run\htdocs\gig_final\vqmod/xml/tm_filemanager.xml
   id        : upload file size limit
   version   : 1.0.0
   vqmver    : 2.3.0
   author    : TM

File Name    : admin/controller/common/filemanager.php(0)
VQModObject::applyMod - SEARCH NOT FOUND (ABORTING MOD): if ($this->request->files['image']['size'] > 300000) {
----------------------------------------------------------------------


---------- Date: 2015-07-01 02:12:29 ~ IP : ::1 ----------
REQUEST URI : /gig_final/admin/index.php?route=common/filemanager/image&amp;token=f0fad32c12ba34a9433bb774970961c2&amp;image=data%2Fbanner-1.jpg
MOD DETAILS:
   modFile   : E:\DATA\WEB\Run\htdocs\gig_final\vqmod/xml/tm_filemanager.xml
   id        : upload file size limit
   version   : 1.0.0
   vqmver    : 2.3.0
   author    : TM

File Name    : admin/controller/common/filemanager.php(0)
VQModObject::applyMod - SEARCH NOT FOUND (ABORTING MOD): if ($this->request->files['image']['size'] > 300000) {
----------------------------------------------------------------------


---------- Date: 2015-07-01 02:12:29 ~ IP : ::1 ----------
REQUEST URI : /gig_final/admin/index.php?route=common/filemanager/image&amp;token=f0fad32c12ba34a9433bb774970961c2&amp;image=data%2Fbanner-2.jpg
MOD DETAILS:
   modFile   : E:\DATA\WEB\Run\htdocs\gig_final\vqmod/xml/tm_filemanager.xml
   id        : upload file size limit
   version   : 1.0.0
   vqmver    : 2.3.0
   author    : TM

File Name    : admin/controller/common/filemanager.php(0)
VQModObject::applyMod - SEARCH NOT FOUND (ABORTING MOD): if ($this->request->files['image']['size'] > 300000) {
----------------------------------------------------------------------


---------- Date: 2015-07-01 02:12:30 ~ IP : ::1 ----------
REQUEST URI : /gig_final/admin/index.php?route=common/filemanager/image&amp;token=f0fad32c12ba34a9433bb774970961c2&amp;image=data%2Fbanner-3.jpg
MOD DETAILS:
   modFile   : E:\DATA\WEB\Run\htdocs\gig_final\vqmod/xml/tm_filemanager.xml
   id        : upload file size limit
   version   : 1.0.0
   vqmver    : 2.3.0
   author    : TM

File Name    : admin/controller/common/filemanager.php(0)
VQModObject::applyMod - SEARCH NOT FOUND (ABORTING MOD): if ($this->request->files['image']['size'] > 300000) {
----------------------------------------------------------------------


---------- Date: 2015-07-01 02:12:30 ~ IP : ::1 ----------
REQUEST URI : /gig_final/admin/index.php?route=common/filemanager/image&amp;token=f0fad32c12ba34a9433bb774970961c2&amp;image=data%2Fbanner-4.jpg
MOD DETAILS:
   modFile   : E:\DATA\WEB\Run\htdocs\gig_final\vqmod/xml/tm_filemanager.xml
   id        : upload file size limit
   version   : 1.0.0
   vqmver    : 2.3.0
   author    : TM

File Name    : admin/controller/common/filemanager.php(0)
VQModObject::applyMod - SEARCH NOT FOUND (ABORTING MOD): if ($this->request->files['image']['size'] > 300000) {
----------------------------------------------------------------------


---------- Date: 2015-07-01 02:12:32 ~ IP : ::1 ----------
REQUEST URI : /gig_final/admin/index.php?route=common/filemanager/image&amp;token=f0fad32c12ba34a9433bb774970961c2&amp;image=data%2FThermal%20rolls.jpg
MOD DETAILS:
   modFile   : E:\DATA\WEB\Run\htdocs\gig_final\vqmod/xml/tm_filemanager.xml
   id        : upload file size limit
   version   : 1.0.0
   vqmver    : 2.3.0
   author    : TM

File Name    : admin/controller/common/filemanager.php(0)
VQModObject::applyMod - SEARCH NOT FOUND (ABORTING MOD): if ($this->request->files['image']['size'] > 300000) {
----------------------------------------------------------------------


---------- Date: 2015-07-01 02:12:32 ~ IP : ::1 ----------
REQUEST URI : /gig_final/admin/index.php?route=common/filemanager&amp;token=f0fad32c12ba34a9433bb774970961c2&amp;field=image2
MOD DETAILS:
   modFile   : E:\DATA\WEB\Run\htdocs\gig_final\vqmod/xml/tm_filemanager.xml
   id        : upload file size limit
   version   : 1.0.0
   vqmver    : 2.3.0
   author    : TM

File Name    : admin/controller/common/filemanager.php(0)
VQModObject::applyMod - SEARCH NOT FOUND (ABORTING MOD): if ($this->request->files['image']['size'] > 300000) {
----------------------------------------------------------------------


