---------- Date: 2015-07-02 11:19:18 ~ IP : 127.0.0.1 ----------
REQUEST URI : /gig_final/admin/
MOD DETAILS:
   modFile   : D:\xampp\htdocs\gig_final\vqmod/xml/vqmm_menu_shortcut.xml
   id        : VQMod Manager Menu Shortcut
   version   : 1.0.0
   vqmver    : 2.3.0
   author    : Ryan (rph) - OpenCartHelp.com

File Name    : admin/view/template/common/header.tpl(0)
VQModObject::applyMod - SEARCH NOT FOUND (ABORTING MOD): <a href="<?php echo $feed; ?>"><?php echo $text_feed; ?></a>
----------------------------------------------------------------------


---------- Date: 2015-07-02 11:19:35 ~ IP : 127.0.0.1 ----------
REQUEST URI : /gig_final/admin/index.php?route=design/banner&amp;token=fa312d2b62bb8a0dace9312155ec1cc8
MOD DETAILS:
   modFile   : D:\xampp\htdocs\gig_final\vqmod/xml/tm_description_banner_slideshow.xml
   id        : Tm description banners
   version   : 1.5.x
   vqmver    : 2.3.0
   author    : TM

File Name    : admin/model/design/banner.php(0)
VQModObject::applyMod - SEARCH NOT FOUND (ABORTING MOD): $this->db->query("INSERT INTO " . DB_PREFIX . "banner_image_description SET banner_image_id = '" . (int)$banner_image_id . "', language_id = '" . (int)$language_id . "', banner_id = '" . (int)$banner_id . "', title = '" .  $this->db->escape($banner_image_description['title']) . "'");

----------------------------------------------------------------------


---------- Date: 2015-07-02 11:19:44 ~ IP : 127.0.0.1 ----------
REQUEST URI : /gig_final/admin/index.php?route=design/banner/update&amp;token=fa312d2b62bb8a0dace9312155ec1cc8&amp;banner_id=15
MOD DETAILS:
   modFile   : D:\xampp\htdocs\gig_final\vqmod/xml/tm_description_banner_slideshow.xml
   id        : Tm description banners
   version   : 1.5.x
   vqmver    : 2.3.0
   author    : TM

File Name    : admin/model/design/banner.php(0)
VQModObject::applyMod - SEARCH NOT FOUND (ABORTING MOD): $this->db->query("INSERT INTO " . DB_PREFIX . "banner_image_description SET banner_image_id = '" . (int)$banner_image_id . "', language_id = '" . (int)$language_id . "', banner_id = '" . (int)$banner_id . "', title = '" .  $this->db->escape($banner_image_description['title']) . "'");

----------------------------------------------------------------------


---------- Date: 2015-07-02 11:19:52 ~ IP : 127.0.0.1 ----------
REQUEST URI : /gig_final/admin/index.php?route=common/filemanager&amp;token=fa312d2b62bb8a0dace9312155ec1cc8&amp;field=image1
MOD DETAILS:
   modFile   : D:\xampp\htdocs\gig_final\vqmod/xml/tm_filemanager.xml
   id        : upload file size limit
   version   : 1.0.0
   vqmver    : 2.3.0
   author    : TM

File Name    : admin/controller/common/filemanager.php(0)
VQModObject::applyMod - SEARCH NOT FOUND (ABORTING MOD): if ($this->request->files['image']['size'] > 300000) {
----------------------------------------------------------------------


---------- Date: 2015-07-02 11:19:52 ~ IP : 127.0.0.1 ----------
REQUEST URI : /gig_final/admin/index.php?route=common/filemanager&amp;token=fa312d2b62bb8a0dace9312155ec1cc8&amp;field=image1
MOD DETAILS:
   modFile   : D:\xampp\htdocs\gig_final\vqmod/xml/tm_filemanager.xml
   id        : upload file size limit
   version   : 1.0.0
   vqmver    : 2.3.0
   author    : TM

File Name    : admin/controller/common/filemanager.php(0)
VQModObject::applyMod - SEARCH NOT FOUND (ABORTING MOD): if ($this->request->files['image']['size'] > 300000) {
----------------------------------------------------------------------


---------- Date: 2015-07-02 11:19:52 ~ IP : 127.0.0.1 ----------
REQUEST URI : /gig_final/admin/index.php?route=common/filemanager/files&amp;token=fa312d2b62bb8a0dace9312155ec1cc8
MOD DETAILS:
   modFile   : D:\xampp\htdocs\gig_final\vqmod/xml/tm_filemanager.xml
   id        : upload file size limit
   version   : 1.0.0
   vqmver    : 2.3.0
   author    : TM

File Name    : admin/controller/common/filemanager.php(0)
VQModObject::applyMod - SEARCH NOT FOUND (ABORTING MOD): if ($this->request->files['image']['size'] > 300000) {
----------------------------------------------------------------------


---------- Date: 2015-07-02 11:19:52 ~ IP : 127.0.0.1 ----------
REQUEST URI : /gig_final/admin/index.php?route=common/filemanager/image&amp;token=fa312d2b62bb8a0dace9312155ec1cc8&amp;image=data%2FImage01022.jpg
MOD DETAILS:
   modFile   : D:\xampp\htdocs\gig_final\vqmod/xml/tm_filemanager.xml
   id        : upload file size limit
   version   : 1.0.0
   vqmver    : 2.3.0
   author    : TM

File Name    : admin/controller/common/filemanager.php(0)
VQModObject::applyMod - SEARCH NOT FOUND (ABORTING MOD): if ($this->request->files['image']['size'] > 300000) {
----------------------------------------------------------------------


---------- Date: 2015-07-02 11:19:52 ~ IP : 127.0.0.1 ----------
REQUEST URI : /gig_final/admin/index.php?route=common/filemanager/image&amp;token=fa312d2b62bb8a0dace9312155ec1cc8&amp;image=data%2Fbanner-1.jpg
MOD DETAILS:
   modFile   : D:\xampp\htdocs\gig_final\vqmod/xml/tm_filemanager.xml
   id        : upload file size limit
   version   : 1.0.0
   vqmver    : 2.3.0
   author    : TM

File Name    : admin/controller/common/filemanager.php(0)
VQModObject::applyMod - SEARCH NOT FOUND (ABORTING MOD): if ($this->request->files['image']['size'] > 300000) {
----------------------------------------------------------------------


---------- Date: 2015-07-02 11:19:53 ~ IP : 127.0.0.1 ----------
REQUEST URI : /gig_final/admin/index.php?route=common/filemanager/image&amp;token=fa312d2b62bb8a0dace9312155ec1cc8&amp;image=data%2FThermal%20rolls.jpg
MOD DETAILS:
   modFile   : D:\xampp\htdocs\gig_final\vqmod/xml/tm_filemanager.xml
   id        : upload file size limit
   version   : 1.0.0
   vqmver    : 2.3.0
   author    : TM

File Name    : admin/controller/common/filemanager.php(0)
VQModObject::applyMod - SEARCH NOT FOUND (ABORTING MOD): if ($this->request->files['image']['size'] > 300000) {
----------------------------------------------------------------------


---------- Date: 2015-07-02 11:19:53 ~ IP : 127.0.0.1 ----------
REQUEST URI : /gig_final/admin/index.php?route=common/filemanager/image&amp;token=fa312d2b62bb8a0dace9312155ec1cc8&amp;image=data%2FPrinter%20rolls.jpg
MOD DETAILS:
   modFile   : D:\xampp\htdocs\gig_final\vqmod/xml/tm_filemanager.xml
   id        : upload file size limit
   version   : 1.0.0
   vqmver    : 2.3.0
   author    : TM

File Name    : admin/controller/common/filemanager.php(0)
VQModObject::applyMod - SEARCH NOT FOUND (ABORTING MOD): if ($this->request->files['image']['size'] > 300000) {
----------------------------------------------------------------------


---------- Date: 2015-07-02 11:19:53 ~ IP : 127.0.0.1 ----------
REQUEST URI : /gig_final/admin/index.php?route=common/filemanager/image&amp;token=fa312d2b62bb8a0dace9312155ec1cc8&amp;image=data%2Fbanner-2.jpg
MOD DETAILS:
   modFile   : D:\xampp\htdocs\gig_final\vqmod/xml/tm_filemanager.xml
   id        : upload file size limit
   version   : 1.0.0
   vqmver    : 2.3.0
   author    : TM

File Name    : admin/controller/common/filemanager.php(0)
VQModObject::applyMod - SEARCH NOT FOUND (ABORTING MOD): if ($this->request->files['image']['size'] > 300000) {
----------------------------------------------------------------------


---------- Date: 2015-07-02 11:19:53 ~ IP : 127.0.0.1 ----------
REQUEST URI : /gig_final/admin/index.php?route=common/filemanager/image&amp;token=fa312d2b62bb8a0dace9312155ec1cc8&amp;image=data%2FXerox.png
MOD DETAILS:
   modFile   : D:\xampp\htdocs\gig_final\vqmod/xml/tm_filemanager.xml
   id        : upload file size limit
   version   : 1.0.0
   vqmver    : 2.3.0
   author    : TM

File Name    : admin/controller/common/filemanager.php(0)
VQModObject::applyMod - SEARCH NOT FOUND (ABORTING MOD): if ($this->request->files['image']['size'] > 300000) {
----------------------------------------------------------------------


---------- Date: 2015-07-02 11:19:53 ~ IP : 127.0.0.1 ----------
REQUEST URI : /gig_final/admin/index.php?route=common/filemanager/image&amp;token=fa312d2b62bb8a0dace9312155ec1cc8&amp;image=data%2Fbanner-3.jpg
MOD DETAILS:
   modFile   : D:\xampp\htdocs\gig_final\vqmod/xml/tm_filemanager.xml
   id        : upload file size limit
   version   : 1.0.0
   vqmver    : 2.3.0
   author    : TM

File Name    : admin/controller/common/filemanager.php(0)
VQModObject::applyMod - SEARCH NOT FOUND (ABORTING MOD): if ($this->request->files['image']['size'] > 300000) {
----------------------------------------------------------------------


---------- Date: 2015-07-02 11:19:53 ~ IP : 127.0.0.1 ----------
REQUEST URI : /gig_final/admin/index.php?route=common/filemanager/image&amp;token=fa312d2b62bb8a0dace9312155ec1cc8&amp;image=data%2Fbanner-4.jpg
MOD DETAILS:
   modFile   : D:\xampp\htdocs\gig_final\vqmod/xml/tm_filemanager.xml
   id        : upload file size limit
   version   : 1.0.0
   vqmver    : 2.3.0
   author    : TM

File Name    : admin/controller/common/filemanager.php(0)
VQModObject::applyMod - SEARCH NOT FOUND (ABORTING MOD): if ($this->request->files['image']['size'] > 300000) {
----------------------------------------------------------------------


---------- Date: 2015-07-02 11:19:57 ~ IP : 127.0.0.1 ----------
REQUEST URI : /gig_final/admin/index.php?route=common/filemanager/upload&amp;token=fa312d2b62bb8a0dace9312155ec1cc8
MOD DETAILS:
   modFile   : D:\xampp\htdocs\gig_final\vqmod/xml/tm_filemanager.xml
   id        : upload file size limit
   version   : 1.0.0
   vqmver    : 2.3.0
   author    : TM

File Name    : admin/controller/common/filemanager.php(0)
VQModObject::applyMod - SEARCH NOT FOUND (ABORTING MOD): if ($this->request->files['image']['size'] > 300000) {
----------------------------------------------------------------------


---------- Date: 2015-07-02 11:19:57 ~ IP : 127.0.0.1 ----------
REQUEST URI : /gig_final/admin/index.php?route=common/filemanager/files&amp;token=fa312d2b62bb8a0dace9312155ec1cc8
MOD DETAILS:
   modFile   : D:\xampp\htdocs\gig_final\vqmod/xml/tm_filemanager.xml
   id        : upload file size limit
   version   : 1.0.0
   vqmver    : 2.3.0
   author    : TM

File Name    : admin/controller/common/filemanager.php(0)
VQModObject::applyMod - SEARCH NOT FOUND (ABORTING MOD): if ($this->request->files['image']['size'] > 300000) {
----------------------------------------------------------------------


---------- Date: 2015-07-02 11:19:59 ~ IP : 127.0.0.1 ----------
REQUEST URI : /gig_final/admin/index.php?route=common/filemanager/image&amp;token=fa312d2b62bb8a0dace9312155ec1cc8&amp;image=data%2FThermal%20rolls.jpg
MOD DETAILS:
   modFile   : D:\xampp\htdocs\gig_final\vqmod/xml/tm_filemanager.xml
   id        : upload file size limit
   version   : 1.0.0
   vqmver    : 2.3.0
   author    : TM

File Name    : admin/controller/common/filemanager.php(0)
VQModObject::applyMod - SEARCH NOT FOUND (ABORTING MOD): if ($this->request->files['image']['size'] > 300000) {
----------------------------------------------------------------------


---------- Date: 2015-07-02 11:19:59 ~ IP : 127.0.0.1 ----------
REQUEST URI : /gig_final/admin/index.php?route=common/filemanager/image&amp;token=fa312d2b62bb8a0dace9312155ec1cc8&amp;image=data%2FImage01022.jpg
MOD DETAILS:
   modFile   : D:\xampp\htdocs\gig_final\vqmod/xml/tm_filemanager.xml
   id        : upload file size limit
   version   : 1.0.0
   vqmver    : 2.3.0
   author    : TM

File Name    : admin/controller/common/filemanager.php(0)
VQModObject::applyMod - SEARCH NOT FOUND (ABORTING MOD): if ($this->request->files['image']['size'] > 300000) {
----------------------------------------------------------------------


---------- Date: 2015-07-02 11:19:59 ~ IP : 127.0.0.1 ----------
REQUEST URI : /gig_final/admin/index.php?route=common/filemanager/image&amp;token=fa312d2b62bb8a0dace9312155ec1cc8&amp;image=data%2FXerox.png
MOD DETAILS:
   modFile   : D:\xampp\htdocs\gig_final\vqmod/xml/tm_filemanager.xml
   id        : upload file size limit
   version   : 1.0.0
   vqmver    : 2.3.0
   author    : TM

File Name    : admin/controller/common/filemanager.php(0)
VQModObject::applyMod - SEARCH NOT FOUND (ABORTING MOD): if ($this->request->files['image']['size'] > 300000) {
----------------------------------------------------------------------


---------- Date: 2015-07-02 11:19:59 ~ IP : 127.0.0.1 ----------
REQUEST URI : /gig_final/admin/index.php?route=common/filemanager/image&amp;token=fa312d2b62bb8a0dace9312155ec1cc8&amp;image=data%2Fbanner-1.jpg
MOD DETAILS:
   modFile   : D:\xampp\htdocs\gig_final\vqmod/xml/tm_filemanager.xml
   id        : upload file size limit
   version   : 1.0.0
   vqmver    : 2.3.0
   author    : TM

File Name    : admin/controller/common/filemanager.php(0)
VQModObject::applyMod - SEARCH NOT FOUND (ABORTING MOD): if ($this->request->files['image']['size'] > 300000) {
----------------------------------------------------------------------


---------- Date: 2015-07-02 11:19:59 ~ IP : 127.0.0.1 ----------
REQUEST URI : /gig_final/admin/index.php?route=common/filemanager/image&amp;token=fa312d2b62bb8a0dace9312155ec1cc8&amp;image=data%2FCARR%20COCONUT%20TREES%20BY%20THE%20SEA.jpg
MOD DETAILS:
   modFile   : D:\xampp\htdocs\gig_final\vqmod/xml/tm_filemanager.xml
   id        : upload file size limit
   version   : 1.0.0
   vqmver    : 2.3.0
   author    : TM

File Name    : admin/controller/common/filemanager.php(0)
VQModObject::applyMod - SEARCH NOT FOUND (ABORTING MOD): if ($this->request->files['image']['size'] > 300000) {
----------------------------------------------------------------------


---------- Date: 2015-07-02 11:19:59 ~ IP : 127.0.0.1 ----------
REQUEST URI : /gig_final/admin/index.php?route=common/filemanager/image&amp;token=fa312d2b62bb8a0dace9312155ec1cc8&amp;image=data%2FPrinter%20rolls.jpg
MOD DETAILS:
   modFile   : D:\xampp\htdocs\gig_final\vqmod/xml/tm_filemanager.xml
   id        : upload file size limit
   version   : 1.0.0
   vqmver    : 2.3.0
   author    : TM

File Name    : admin/controller/common/filemanager.php(0)
VQModObject::applyMod - SEARCH NOT FOUND (ABORTING MOD): if ($this->request->files['image']['size'] > 300000) {
----------------------------------------------------------------------


---------- Date: 2015-07-02 11:19:59 ~ IP : 127.0.0.1 ----------
REQUEST URI : /gig_final/admin/index.php?route=common/filemanager/image&amp;token=fa312d2b62bb8a0dace9312155ec1cc8&amp;image=data%2Fbanner-2.jpg
MOD DETAILS:
   modFile   : D:\xampp\htdocs\gig_final\vqmod/xml/tm_filemanager.xml
   id        : upload file size limit
   version   : 1.0.0
   vqmver    : 2.3.0
   author    : TM

File Name    : admin/controller/common/filemanager.php(0)
VQModObject::applyMod - SEARCH NOT FOUND (ABORTING MOD): if ($this->request->files['image']['size'] > 300000) {
----------------------------------------------------------------------


---------- Date: 2015-07-02 11:20:03 ~ IP : 127.0.0.1 ----------
REQUEST URI : /gig_final/admin/index.php?route=common/filemanager&amp;token=fa312d2b62bb8a0dace9312155ec1cc8&amp;field=image1
MOD DETAILS:
   modFile   : D:\xampp\htdocs\gig_final\vqmod/xml/tm_filemanager.xml
   id        : upload file size limit
   version   : 1.0.0
   vqmver    : 2.3.0
   author    : TM

File Name    : admin/controller/common/filemanager.php(0)
VQModObject::applyMod - SEARCH NOT FOUND (ABORTING MOD): if ($this->request->files['image']['size'] > 300000) {
----------------------------------------------------------------------


---------- Date: 2015-07-02 11:20:03 ~ IP : 127.0.0.1 ----------
REQUEST URI : /gig_final/admin/index.php?route=common/filemanager/image&amp;token=fa312d2b62bb8a0dace9312155ec1cc8&amp;image=data%2FCARR%20COCONUT%20TREES%20BY%20THE%20SEA.jpg
MOD DETAILS:
   modFile   : D:\xampp\htdocs\gig_final\vqmod/xml/tm_filemanager.xml
   id        : upload file size limit
   version   : 1.0.0
   vqmver    : 2.3.0
   author    : TM

File Name    : admin/controller/common/filemanager.php(0)
VQModObject::applyMod - SEARCH NOT FOUND (ABORTING MOD): if ($this->request->files['image']['size'] > 300000) {
----------------------------------------------------------------------


---------- Date: 2015-07-02 11:20:05 ~ IP : 127.0.0.1 ----------
REQUEST URI : /gig_final/admin/index.php?route=design/banner/update&amp;token=fa312d2b62bb8a0dace9312155ec1cc8&amp;banner_id=15
MOD DETAILS:
   modFile   : D:\xampp\htdocs\gig_final\vqmod/xml/tm_description_banner_slideshow.xml
   id        : Tm description banners
   version   : 1.5.x
   vqmver    : 2.3.0
   author    : TM

File Name    : admin/model/design/banner.php(0)
VQModObject::applyMod - SEARCH NOT FOUND (ABORTING MOD): $this->db->query("INSERT INTO " . DB_PREFIX . "banner_image_description SET banner_image_id = '" . (int)$banner_image_id . "', language_id = '" . (int)$language_id . "', banner_id = '" . (int)$banner_id . "', title = '" .  $this->db->escape($banner_image_description['title']) . "'");

----------------------------------------------------------------------


---------- Date: 2015-07-02 11:20:05 ~ IP : 127.0.0.1 ----------
REQUEST URI : /gig_final/admin/index.php?route=design/banner&amp;token=fa312d2b62bb8a0dace9312155ec1cc8
MOD DETAILS:
   modFile   : D:\xampp\htdocs\gig_final\vqmod/xml/tm_description_banner_slideshow.xml
   id        : Tm description banners
   version   : 1.5.x
   vqmver    : 2.3.0
   author    : TM

File Name    : admin/model/design/banner.php(0)
VQModObject::applyMod - SEARCH NOT FOUND (ABORTING MOD): $this->db->query("INSERT INTO " . DB_PREFIX . "banner_image_description SET banner_image_id = '" . (int)$banner_image_id . "', language_id = '" . (int)$language_id . "', banner_id = '" . (int)$banner_id . "', title = '" .  $this->db->escape($banner_image_description['title']) . "'");

----------------------------------------------------------------------


