---------- Date: 2015-05-16 01:34:21 ~ IP : 113.160.54.50 ----------
REQUEST URI : /admin/index.php?route=design/banner&amp;token=cc15492b339e6d0511359206cf2d4211
MOD DETAILS:
   modFile   : /home/sssmine/www/gigprinting/vqmod/xml/tm_description_banner_slideshow.xml
   id        : Tm description banners
   version   : 1.5.x
   vqmver    : 2.3.0
   author    : TM

File Name    : admin/model/design/banner.php(0)
VQModObject::applyMod - SEARCH NOT FOUND (ABORTING MOD): $this->db->query("INSERT INTO " . DB_PREFIX . "banner_image_description SET banner_image_id = '" . (int)$banner_image_id . "', language_id = '" . (int)$language_id . "', banner_id = '" . (int)$banner_id . "', title = '" .  $this->db->escape($banner_image_description['title']) . "'");

----------------------------------------------------------------------


---------- Date: 2015-05-16 01:34:26 ~ IP : 113.160.54.50 ----------
REQUEST URI : /admin/index.php?route=design/banner/update&amp;token=cc15492b339e6d0511359206cf2d4211&amp;banner_id=15
MOD DETAILS:
   modFile   : /home/sssmine/www/gigprinting/vqmod/xml/tm_description_banner_slideshow.xml
   id        : Tm description banners
   version   : 1.5.x
   vqmver    : 2.3.0
   author    : TM

File Name    : admin/model/design/banner.php(0)
VQModObject::applyMod - SEARCH NOT FOUND (ABORTING MOD): $this->db->query("INSERT INTO " . DB_PREFIX . "banner_image_description SET banner_image_id = '" . (int)$banner_image_id . "', language_id = '" . (int)$language_id . "', banner_id = '" . (int)$banner_id . "', title = '" .  $this->db->escape($banner_image_description['title']) . "'");

----------------------------------------------------------------------


---------- Date: 2015-05-16 01:34:45 ~ IP : 113.160.54.50 ----------
REQUEST URI : /admin/index.php?route=common/filemanager&amp;token=cc15492b339e6d0511359206cf2d4211&amp;field=image2
MOD DETAILS:
   modFile   : /home/sssmine/www/gigprinting/vqmod/xml/tm_filemanager.xml
   id        : upload file size limit
   version   : 1.0.0
   vqmver    : 2.3.0
   author    : TM

File Name    : admin/controller/common/filemanager.php(0)
VQModObject::applyMod - SEARCH NOT FOUND (ABORTING MOD): if ($this->request->files['image']['size'] > 300000) {
----------------------------------------------------------------------


---------- Date: 2015-05-16 01:34:46 ~ IP : 113.160.54.50 ----------
REQUEST URI : /admin/index.php?route=common/filemanager&amp;token=cc15492b339e6d0511359206cf2d4211&amp;field=image2
MOD DETAILS:
   modFile   : /home/sssmine/www/gigprinting/vqmod/xml/tm_filemanager.xml
   id        : upload file size limit
   version   : 1.0.0
   vqmver    : 2.3.0
   author    : TM

File Name    : admin/controller/common/filemanager.php(0)
VQModObject::applyMod - SEARCH NOT FOUND (ABORTING MOD): if ($this->request->files['image']['size'] > 300000) {
----------------------------------------------------------------------


---------- Date: 2015-05-16 01:34:48 ~ IP : 113.160.54.50 ----------
REQUEST URI : /admin/index.php?route=common/filemanager/files&amp;token=cc15492b339e6d0511359206cf2d4211
MOD DETAILS:
   modFile   : /home/sssmine/www/gigprinting/vqmod/xml/tm_filemanager.xml
   id        : upload file size limit
   version   : 1.0.0
   vqmver    : 2.3.0
   author    : TM

File Name    : admin/controller/common/filemanager.php(0)
VQModObject::applyMod - SEARCH NOT FOUND (ABORTING MOD): if ($this->request->files['image']['size'] > 300000) {
----------------------------------------------------------------------


---------- Date: 2015-05-16 01:34:53 ~ IP : 113.160.54.50 ----------
REQUEST URI : /admin/index.php?route=common/filemanager/upload&amp;token=cc15492b339e6d0511359206cf2d4211
MOD DETAILS:
   modFile   : /home/sssmine/www/gigprinting/vqmod/xml/tm_filemanager.xml
   id        : upload file size limit
   version   : 1.0.0
   vqmver    : 2.3.0
   author    : TM

File Name    : admin/controller/common/filemanager.php(0)
VQModObject::applyMod - SEARCH NOT FOUND (ABORTING MOD): if ($this->request->files['image']['size'] > 300000) {
----------------------------------------------------------------------


---------- Date: 2015-05-16 01:34:54 ~ IP : 113.160.54.50 ----------
REQUEST URI : /admin/index.php?route=common/filemanager/files&amp;token=cc15492b339e6d0511359206cf2d4211
MOD DETAILS:
   modFile   : /home/sssmine/www/gigprinting/vqmod/xml/tm_filemanager.xml
   id        : upload file size limit
   version   : 1.0.0
   vqmver    : 2.3.0
   author    : TM

File Name    : admin/controller/common/filemanager.php(0)
VQModObject::applyMod - SEARCH NOT FOUND (ABORTING MOD): if ($this->request->files['image']['size'] > 300000) {
----------------------------------------------------------------------


---------- Date: 2015-05-16 01:34:55 ~ IP : 113.160.54.50 ----------
REQUEST URI : /admin/index.php?route=common/filemanager/image&amp;token=cc15492b339e6d0511359206cf2d4211&amp;image=data%2FImage01022.jpg
MOD DETAILS:
   modFile   : /home/sssmine/www/gigprinting/vqmod/xml/tm_filemanager.xml
   id        : upload file size limit
   version   : 1.0.0
   vqmver    : 2.3.0
   author    : TM

File Name    : admin/controller/common/filemanager.php(0)
VQModObject::applyMod - SEARCH NOT FOUND (ABORTING MOD): if ($this->request->files['image']['size'] > 300000) {
----------------------------------------------------------------------


---------- Date: 2015-05-16 01:34:55 ~ IP : 113.160.54.50 ----------
REQUEST URI : /admin/index.php?route=common/filemanager/image&amp;token=cc15492b339e6d0511359206cf2d4211&amp;image=data%2FThermal%20rolls.jpg
MOD DETAILS:
   modFile   : /home/sssmine/www/gigprinting/vqmod/xml/tm_filemanager.xml
   id        : upload file size limit
   version   : 1.0.0
   vqmver    : 2.3.0
   author    : TM

File Name    : admin/controller/common/filemanager.php(0)
VQModObject::applyMod - SEARCH NOT FOUND (ABORTING MOD): if ($this->request->files['image']['size'] > 300000) {
----------------------------------------------------------------------


---------- Date: 2015-05-16 01:34:55 ~ IP : 113.160.54.50 ----------
REQUEST URI : /admin/index.php?route=common/filemanager/image&amp;token=cc15492b339e6d0511359206cf2d4211&amp;image=data%2FNS_Svietlana_Missile_Cruiser.gif
MOD DETAILS:
   modFile   : /home/sssmine/www/gigprinting/vqmod/xml/tm_filemanager.xml
   id        : upload file size limit
   version   : 1.0.0
   vqmver    : 2.3.0
   author    : TM

File Name    : admin/controller/common/filemanager.php(0)
VQModObject::applyMod - SEARCH NOT FOUND (ABORTING MOD): if ($this->request->files['image']['size'] > 300000) {
----------------------------------------------------------------------


---------- Date: 2015-05-16 01:34:55 ~ IP : 113.160.54.50 ----------
REQUEST URI : /admin/index.php?route=common/filemanager/image&amp;token=cc15492b339e6d0511359206cf2d4211&amp;image=data%2FPrinter%20rolls.jpg
MOD DETAILS:
   modFile   : /home/sssmine/www/gigprinting/vqmod/xml/tm_filemanager.xml
   id        : upload file size limit
   version   : 1.0.0
   vqmver    : 2.3.0
   author    : TM

File Name    : admin/controller/common/filemanager.php(0)
VQModObject::applyMod - SEARCH NOT FOUND (ABORTING MOD): if ($this->request->files['image']['size'] > 300000) {
----------------------------------------------------------------------


---------- Date: 2015-05-16 01:34:55 ~ IP : 113.160.54.50 ----------
REQUEST URI : /admin/index.php?route=common/filemanager/image&amp;token=cc15492b339e6d0511359206cf2d4211&amp;image=data%2FXerox.png
MOD DETAILS:
   modFile   : /home/sssmine/www/gigprinting/vqmod/xml/tm_filemanager.xml
   id        : upload file size limit
   version   : 1.0.0
   vqmver    : 2.3.0
   author    : TM

File Name    : admin/controller/common/filemanager.php(0)
VQModObject::applyMod - SEARCH NOT FOUND (ABORTING MOD): if ($this->request->files['image']['size'] > 300000) {
----------------------------------------------------------------------


---------- Date: 2015-05-16 01:34:56 ~ IP : 113.160.54.50 ----------
REQUEST URI : /admin/index.php?route=common/filemanager/image&amp;token=cc15492b339e6d0511359206cf2d4211&amp;image=data%2Fbanner-1.jpg
MOD DETAILS:
   modFile   : /home/sssmine/www/gigprinting/vqmod/xml/tm_filemanager.xml
   id        : upload file size limit
   version   : 1.0.0
   vqmver    : 2.3.0
   author    : TM

File Name    : admin/controller/common/filemanager.php(0)
VQModObject::applyMod - SEARCH NOT FOUND (ABORTING MOD): if ($this->request->files['image']['size'] > 300000) {
----------------------------------------------------------------------


---------- Date: 2015-05-16 01:34:56 ~ IP : 113.160.54.50 ----------
REQUEST URI : /admin/index.php?route=common/filemanager/image&amp;token=cc15492b339e6d0511359206cf2d4211&amp;image=data%2Fbanner-2.jpg
MOD DETAILS:
   modFile   : /home/sssmine/www/gigprinting/vqmod/xml/tm_filemanager.xml
   id        : upload file size limit
   version   : 1.0.0
   vqmver    : 2.3.0
   author    : TM

File Name    : admin/controller/common/filemanager.php(0)
VQModObject::applyMod - SEARCH NOT FOUND (ABORTING MOD): if ($this->request->files['image']['size'] > 300000) {
----------------------------------------------------------------------


---------- Date: 2015-05-16 01:34:56 ~ IP : 113.160.54.50 ----------
REQUEST URI : /admin/index.php?route=common/filemanager/image&amp;token=cc15492b339e6d0511359206cf2d4211&amp;image=data%2Fbanner-3.jpg
MOD DETAILS:
   modFile   : /home/sssmine/www/gigprinting/vqmod/xml/tm_filemanager.xml
   id        : upload file size limit
   version   : 1.0.0
   vqmver    : 2.3.0
   author    : TM

File Name    : admin/controller/common/filemanager.php(0)
VQModObject::applyMod - SEARCH NOT FOUND (ABORTING MOD): if ($this->request->files['image']['size'] > 300000) {
----------------------------------------------------------------------


---------- Date: 2015-05-16 01:35:00 ~ IP : 113.160.54.50 ----------
REQUEST URI : /admin/index.php?route=common/filemanager/image&amp;token=cc15492b339e6d0511359206cf2d4211&amp;image=data%2FNS_Svietlana_Missile_Cruiser.gif
MOD DETAILS:
   modFile   : /home/sssmine/www/gigprinting/vqmod/xml/tm_filemanager.xml
   id        : upload file size limit
   version   : 1.0.0
   vqmver    : 2.3.0
   author    : TM

File Name    : admin/controller/common/filemanager.php(0)
VQModObject::applyMod - SEARCH NOT FOUND (ABORTING MOD): if ($this->request->files['image']['size'] > 300000) {
----------------------------------------------------------------------


---------- Date: 2015-05-16 01:35:03 ~ IP : 113.160.54.50 ----------
REQUEST URI : /admin/index.php?route=common/filemanager&amp;token=cc15492b339e6d0511359206cf2d4211&amp;field=image2
MOD DETAILS:
   modFile   : /home/sssmine/www/gigprinting/vqmod/xml/tm_filemanager.xml
   id        : upload file size limit
   version   : 1.0.0
   vqmver    : 2.3.0
   author    : TM

File Name    : admin/controller/common/filemanager.php(0)
VQModObject::applyMod - SEARCH NOT FOUND (ABORTING MOD): if ($this->request->files['image']['size'] > 300000) {
----------------------------------------------------------------------


---------- Date: 2015-05-16 01:35:06 ~ IP : 113.160.54.50 ----------
REQUEST URI : /admin/index.php?route=design/banner/update&amp;token=cc15492b339e6d0511359206cf2d4211&amp;banner_id=15
MOD DETAILS:
   modFile   : /home/sssmine/www/gigprinting/vqmod/xml/tm_description_banner_slideshow.xml
   id        : Tm description banners
   version   : 1.5.x
   vqmver    : 2.3.0
   author    : TM

File Name    : admin/model/design/banner.php(0)
VQModObject::applyMod - SEARCH NOT FOUND (ABORTING MOD): $this->db->query("INSERT INTO " . DB_PREFIX . "banner_image_description SET banner_image_id = '" . (int)$banner_image_id . "', language_id = '" . (int)$language_id . "', banner_id = '" . (int)$banner_id . "', title = '" .  $this->db->escape($banner_image_description['title']) . "'");

----------------------------------------------------------------------


---------- Date: 2015-05-16 01:35:07 ~ IP : 113.160.54.50 ----------
REQUEST URI : /admin/index.php?route=design/banner&amp;token=cc15492b339e6d0511359206cf2d4211
MOD DETAILS:
   modFile   : /home/sssmine/www/gigprinting/vqmod/xml/tm_description_banner_slideshow.xml
   id        : Tm description banners
   version   : 1.5.x
   vqmver    : 2.3.0
   author    : TM

File Name    : admin/model/design/banner.php(0)
VQModObject::applyMod - SEARCH NOT FOUND (ABORTING MOD): $this->db->query("INSERT INTO " . DB_PREFIX . "banner_image_description SET banner_image_id = '" . (int)$banner_image_id . "', language_id = '" . (int)$language_id . "', banner_id = '" . (int)$banner_id . "', title = '" .  $this->db->escape($banner_image_description['title']) . "'");

----------------------------------------------------------------------


---------- Date: 2015-05-16 01:35:10 ~ IP : 113.160.54.50 ----------
REQUEST URI : /admin/index.php?route=design/banner/update&amp;token=cc15492b339e6d0511359206cf2d4211&amp;banner_id=15
MOD DETAILS:
   modFile   : /home/sssmine/www/gigprinting/vqmod/xml/tm_description_banner_slideshow.xml
   id        : Tm description banners
   version   : 1.5.x
   vqmver    : 2.3.0
   author    : TM

File Name    : admin/model/design/banner.php(0)
VQModObject::applyMod - SEARCH NOT FOUND (ABORTING MOD): $this->db->query("INSERT INTO " . DB_PREFIX . "banner_image_description SET banner_image_id = '" . (int)$banner_image_id . "', language_id = '" . (int)$language_id . "', banner_id = '" . (int)$banner_id . "', title = '" .  $this->db->escape($banner_image_description['title']) . "'");

----------------------------------------------------------------------


